UIGoogleMaps1/app/build/outputs/logs/manifest-merger-debug-report.txt
-- Merging decision tree log ---
manifest
ADDED from src/main/AndroidManifest.xml:2:1-57:12
	package
		ADDED from src/main/AndroidManifest.xml:3:5-41
		INJECTED from src/main/AndroidManifest.xml
		INJECTED from src/main/AndroidManifest.xml
	android:versionName
		ADDED from src/main/AndroidManifest.xml:5:5-30
		INJECTED from src/main/AndroidManifest.xml
		INJECTED from src/main/AndroidManifest.xml
	android:versionCode
		ADDED from src/main/AndroidManifest.xml:4:5-28
		INJECTED from src/main/AndroidManifest.xml
		INJECTED from src/main/AndroidManifest.xml
	xmlns:android
		ADDED from src/main/AndroidManifest.xml:2:11-69
uses-feature#0x00020000
ADDED from src/main/AndroidManifest.xml:7:5-9:35
	android:glEsVersion
		ADDED from src/main/AndroidManifest.xml:8:9-41
	android:required
		ADDED from src/main/AndroidManifest.xml:9:9-32
permission#course.examples.ui.mapview.permission.MAPS_RECEIVE
ADDED from src/main/AndroidManifest.xml:11:5-13:47
	android:protectionLevel
		ADDED from src/main/AndroidManifest.xml:13:9-44
	android:name
		ADDED from src/main/AndroidManifest.xml:12:9-74
uses-permission#course.examples.ui.mapview.permission.MAPS_RECEIVE
ADDED from src/main/AndroidManifest.xml:15:5-90
	android:name
		ADDED from src/main/AndroidManifest.xml:15:22-87
uses-permission#android.permission.INTERNET
ADDED from src/main/AndroidManifest.xml:16:5-67
	android:name
		ADDED from src/main/AndroidManifest.xml:16:22-64
uses-permission#android.permission.ACCESS_NETWORK_STATE
ADDED from src/main/AndroidManifest.xml:17:5-79
	android:name
		ADDED from src/main/AndroidManifest.xml:17:22-76
uses-permission#android.permission.WRITE_EXTERNAL_STORAGE
ADDED from src/main/AndroidManifest.xml:18:5-81
	android:name
		ADDED from src/main/AndroidManifest.xml:18:22-78
uses-permission#com.google.android.providers.gsf.permission.READ_GSERVICES
ADDED from src/main/AndroidManifest.xml:19:5-98
	android:name
		ADDED from src/main/AndroidManifest.xml:19:22-95
uses-permission#android.permission.ACCESS_COARSE_LOCATION
ADDED from src/main/AndroidManifest.xml:25:5-81
	android:name
		ADDED from src/main/AndroidManifest.xml:25:22-78
uses-permission#android.permission.ACCESS_FINE_LOCATION
ADDED from src/main/AndroidManifest.xml:26:5-79
	android:name
		ADDED from src/main/AndroidManifest.xml:26:22-76
uses-sdk
ADDED from src/main/AndroidManifest.xml:28:5-30:41
	android:targetSdkVersion
		ADDED from src/main/AndroidManifest.xml:30:9-38
		INJECTED from src/main/AndroidManifest.xml
		INJECTED from src/main/AndroidManifest.xml
	android:minSdkVersion
		ADDED from src/main/AndroidManifest.xml:29:9-35
		INJECTED from src/main/AndroidManifest.xml
		INJECTED from src/main/AndroidManifest.xml
application
ADDED from src/main/AndroidManifest.xml:32:5-55:19
	android:label
		ADDED from src/main/AndroidManifest.xml:35:9-41
	android:allowBackup
		ADDED from src/main/AndroidManifest.xml:33:9-36
	android:icon
		ADDED from src/main/AndroidManifest.xml:34:9-45
meta-data#com.google.android.maps.v2.API_KEY
ADDED from src/main/AndroidManifest.xml:37:9-39:71
	android:value
		ADDED from src/main/AndroidManifest.xml:39:13-68
	android:name
		ADDED from src/main/AndroidManifest.xml:38:13-62
meta-data#com.google.android.gms.version
ADDED from src/main/AndroidManifest.xml:41:9-43:69
	android:value
		ADDED from src/main/AndroidManifest.xml:43:13-66
	android:name
		ADDED from src/main/AndroidManifest.xml:42:13-58
activity#course.examples.ui.mapview.GoogleMapActivity
ADDED from src/main/AndroidManifest.xml:45:9-54:20
	android:label
		ADDED from src/main/AndroidManifest.xml:47:13-45
	android:theme
		ADDED from src/main/AndroidManifest.xml:48:13-60
	android:name
		ADDED from src/main/AndroidManifest.xml:46:13-72
intent-filter#android.intent.action.MAIN+android.intent.category.LAUNCHER
ADDED from src/main/AndroidManifest.xml:49:13-53:29
action#android.intent.action.MAIN
ADDED from src/main/AndroidManifest.xml:50:17-69
	android:name
		ADDED from src/main/AndroidManifest.xml:50:25-66
category#android.intent.category.LAUNCHER
ADDED from src/main/AndroidManifest.xml:52:17-77
	android:name
		ADDED from src/main/AndroidManifest.xml:52:27-74